2021-11-27 09:44:41.429  INFO 21860 --- [main] com.example.wenshu.WenshuApplication     : Starting WenshuApplication using Java 1.8.0_202 on LAPTOP-VQ9EB7UB with PID 21860 (D:\wenshuback2.0\target\classes started by DYJ in D:\wenshuback2.0)
2021-11-27 09:44:41.449  INFO 21860 --- [main] com.example.wenshu.WenshuApplication     : No active profile set, falling back to default profiles: default
2021-11-27 09:44:43.436  INFO 21860 --- [main] .s.d.r.c.RepositoryConfigurationDelegate : Bootstrapping Spring Data JDBC repositories in DEFAULT mode.
2021-11-27 09:44:43.486  INFO 21860 --- [main] .s.d.r.c.RepositoryConfigurationDelegate : Finished Spring Data repository scanning in 38 ms. Found 0 JDBC repository interfaces.
2021-11-27 09:44:44.965  INFO 21860 --- [main] o.s.b.w.embedded.tomcat.TomcatWebServer  : Tomcat initialized with port(s): 8081 (http)
2021-11-27 09:44:44.985  INFO 21860 --- [main] o.apache.catalina.core.StandardService   : Starting service [Tomcat]
2021-11-27 09:44:44.985  INFO 21860 --- [main] org.apache.catalina.core.StandardEngine  : Starting Servlet engine: [Apache Tomcat/9.0.52]
2021-11-27 09:44:45.655  INFO 21860 --- [main] o.a.c.c.C.[Tomcat].[localhost].[/v1]     : Initializing Spring embedded WebApplicationContext
2021-11-27 09:44:45.655  INFO 21860 --- [main] w.s.c.ServletWebServerApplicationContext : Root WebApplicationContext: initialization completed in 4046 ms
2021-11-27 09:44:55.671  INFO 21860 --- [main] com.zaxxer.hikari.HikariDataSource       : HikariPool-1 - Starting...
2021-11-27 09:44:56.390  INFO 21860 --- [main] com.zaxxer.hikari.HikariDataSource       : HikariPool-1 - Start completed.
2021-11-27 09:44:56.870  INFO 21860 --- [main] o.s.b.w.embedded.tomcat.TomcatWebServer  : Tomcat started on port(s): 8081 (http) with context path '/v1'
2021-11-27 09:44:56.910  INFO 21860 --- [main] com.example.wenshu.WenshuApplication     : Started WenshuApplication in 16.98 seconds (JVM running for 28.119)
2021-11-27 09:47:58.519  INFO 21860 --- [http-nio-8081-exec-1] o.a.c.c.C.[Tomcat].[localhost].[/v1]     : Initializing Spring DispatcherServlet 'dispatcherServlet'
2021-11-27 09:47:58.523  INFO 21860 --- [http-nio-8081-exec-1] o.s.web.servlet.DispatcherServlet        : Initializing Servlet 'dispatcherServlet'
2021-11-27 09:47:58.539  INFO 21860 --- [http-nio-8081-exec-1] o.s.web.servlet.DispatcherServlet        : Completed initialization in 14 ms
2021-11-27 09:52:43.698  INFO 12464 --- [main] com.example.wenshu.WenshuApplication     : Starting WenshuApplication using Java 1.8.0_202 on LAPTOP-VQ9EB7UB with PID 12464 (D:\wenshuback2.0\target\classes started by DYJ in D:\wenshuback2.0)
2021-11-27 09:52:43.702  INFO 12464 --- [main] com.example.wenshu.WenshuApplication     : No active profile set, falling back to default profiles: default
2021-11-27 09:52:44.693  INFO 12464 --- [main] .s.d.r.c.RepositoryConfigurationDelegate : Bootstrapping Spring Data JDBC repositories in DEFAULT mode.
2021-11-27 09:52:44.717  INFO 12464 --- [main] .s.d.r.c.RepositoryConfigurationDelegate : Finished Spring Data repository scanning in 18 ms. Found 0 JDBC repository interfaces.
2021-11-27 09:52:45.346  INFO 12464 --- [main] o.s.b.w.embedded.tomcat.TomcatWebServer  : Tomcat initialized with port(s): 8081 (http)
2021-11-27 09:52:45.357  INFO 12464 --- [main] o.apache.catalina.core.StandardService   : Starting service [Tomcat]
2021-11-27 09:52:45.357  INFO 12464 --- [main] org.apache.catalina.core.StandardEngine  : Starting Servlet engine: [Apache Tomcat/9.0.52]
2021-11-27 09:52:45.591  INFO 12464 --- [main] o.a.c.c.C.[Tomcat].[localhost].[/v1]     : Initializing Spring embedded WebApplicationContext
2021-11-27 09:52:45.591  INFO 12464 --- [main] w.s.c.ServletWebServerApplicationContext : Root WebApplicationContext: initialization completed in 1815 ms
2021-11-27 09:52:48.427  INFO 12464 --- [main] com.zaxxer.hikari.HikariDataSource       : HikariPool-1 - Starting...
2021-11-27 09:52:48.721  INFO 12464 --- [main] com.zaxxer.hikari.HikariDataSource       : HikariPool-1 - Start completed.
2021-11-27 09:52:48.830  INFO 12464 --- [main] o.s.b.w.embedded.tomcat.TomcatWebServer  : Tomcat started on port(s): 8081 (http) with context path '/v1'
2021-11-27 09:52:48.842  INFO 12464 --- [main] com.example.wenshu.WenshuApplication     : Started WenshuApplication in 5.996 seconds (JVM running for 9.877)
2021-11-27 09:53:01.119  INFO 12464 --- [http-nio-8081-exec-1] o.a.c.c.C.[Tomcat].[localhost].[/v1]     : Initializing Spring DispatcherServlet 'dispatcherServlet'
2021-11-27 09:53:01.119  INFO 12464 --- [http-nio-8081-exec-1] o.s.web.servlet.DispatcherServlet        : Initializing Servlet 'dispatcherServlet'
2021-11-27 09:53:01.120  INFO 12464 --- [http-nio-8081-exec-1] o.s.web.servlet.DispatcherServlet        : Completed initialization in 1 ms
2021-11-27 09:56:56.298  INFO 10892 --- [main] com.example.wenshu.WenshuApplication     : Starting WenshuApplication using Java 1.8.0_202 on LAPTOP-VQ9EB7UB with PID 10892 (D:\wenshuback2.0\target\classes started by DYJ in D:\wenshuback2.0)
2021-11-27 09:56:56.304  INFO 10892 --- [main] com.example.wenshu.WenshuApplication     : No active profile set, falling back to default profiles: default
2021-11-27 09:56:57.335  INFO 10892 --- [main] .s.d.r.c.RepositoryConfigurationDelegate : Bootstrapping Spring Data JDBC repositories in DEFAULT mode.
2021-11-27 09:56:57.362  INFO 10892 --- [main] .s.d.r.c.RepositoryConfigurationDelegate : Finished Spring Data repository scanning in 22 ms. Found 0 JDBC repository interfaces.
2021-11-27 09:56:58.424  INFO 10892 --- [main] o.s.b.w.embedded.tomcat.TomcatWebServer  : Tomcat initialized with port(s): 8081 (http)
2021-11-27 09:56:58.441  INFO 10892 --- [main] o.apache.catalina.core.StandardService   : Starting service [Tomcat]
2021-11-27 09:56:58.442  INFO 10892 --- [main] org.apache.catalina.core.StandardEngine  : Starting Servlet engine: [Apache Tomcat/9.0.52]
2021-11-27 09:56:58.822  INFO 10892 --- [main] o.a.c.c.C.[Tomcat].[localhost].[/v1]     : Initializing Spring embedded WebApplicationContext
2021-11-27 09:56:58.822  INFO 10892 --- [main] w.s.c.ServletWebServerApplicationContext : Root WebApplicationContext: initialization completed in 2440 ms
2021-11-27 09:57:02.822  INFO 10892 --- [main] com.zaxxer.hikari.HikariDataSource       : HikariPool-1 - Starting...
2021-11-27 09:57:03.190  INFO 10892 --- [main] com.zaxxer.hikari.HikariDataSource       : HikariPool-1 - Start completed.
2021-11-27 09:57:03.298  INFO 10892 --- [main] o.s.b.w.embedded.tomcat.TomcatWebServer  : Tomcat started on port(s): 8081 (http) with context path '/v1'
2021-11-27 09:57:03.311  INFO 10892 --- [main] com.example.wenshu.WenshuApplication     : Started WenshuApplication in 8.024 seconds (JVM running for 12.63)
2021-11-27 09:57:26.122  INFO 10892 --- [http-nio-8081-exec-1] o.a.c.c.C.[Tomcat].[localhost].[/v1]     : Initializing Spring DispatcherServlet 'dispatcherServlet'
2021-11-27 09:57:26.123  INFO 10892 --- [http-nio-8081-exec-1] o.s.web.servlet.DispatcherServlet        : Initializing Servlet 'dispatcherServlet'
2021-11-27 09:57:26.124  INFO 10892 --- [http-nio-8081-exec-1] o.s.web.servlet.DispatcherServlet        : Completed initialization in 1 ms
2021-11-27 10:04:49.948  INFO 20244 --- [main] com.example.wenshu.WenshuApplication     : Starting WenshuApplication using Java 1.8.0_202 on LAPTOP-VQ9EB7UB with PID 20244 (D:\wenshuback2.0\target\classes started by DYJ in D:\wenshuback2.0)
2021-11-27 10:04:49.958  INFO 20244 --- [main] com.example.wenshu.WenshuApplication     : No active profile set, falling back to default profiles: default
2021-11-27 10:04:50.999  INFO 20244 --- [main] .s.d.r.c.RepositoryConfigurationDelegate : Bootstrapping Spring Data JDBC repositories in DEFAULT mode.
2021-11-27 10:04:51.019  INFO 20244 --- [main] .s.d.r.c.RepositoryConfigurationDelegate : Finished Spring Data repository scanning in 18 ms. Found 0 JDBC repository interfaces.
2021-11-27 10:04:51.718  INFO 20244 --- [main] o.s.b.w.embedded.tomcat.TomcatWebServer  : Tomcat initialized with port(s): 8081 (http)
2021-11-27 10:04:51.728  INFO 20244 --- [main] o.apache.catalina.core.StandardService   : Starting service [Tomcat]
2021-11-27 10:04:51.728  INFO 20244 --- [main] org.apache.catalina.core.StandardEngine  : Starting Servlet engine: [Apache Tomcat/9.0.52]
2021-11-27 10:04:52.008  INFO 20244 --- [main] o.a.c.c.C.[Tomcat].[localhost].[/v1]     : Initializing Spring embedded WebApplicationContext
2021-11-27 10:04:52.008  INFO 20244 --- [main] w.s.c.ServletWebServerApplicationContext : Root WebApplicationContext: initialization completed in 1970 ms
2021-11-27 10:04:55.178  INFO 20244 --- [main] com.zaxxer.hikari.HikariDataSource       : HikariPool-1 - Starting...
2021-11-27 10:04:55.420  INFO 20244 --- [main] com.zaxxer.hikari.HikariDataSource       : HikariPool-1 - Start completed.
2021-11-27 10:04:55.510  INFO 20244 --- [main] o.s.b.w.embedded.tomcat.TomcatWebServer  : Tomcat started on port(s): 8081 (http) with context path '/v1'
2021-11-27 10:04:55.520  INFO 20244 --- [main] com.example.wenshu.WenshuApplication     : Started WenshuApplication in 6.52 seconds (JVM running for 10.812)
2021-11-27 10:07:44.780  INFO 20244 --- [http-nio-8081-exec-1] o.a.c.c.C.[Tomcat].[localhost].[/v1]     : Initializing Spring DispatcherServlet 'dispatcherServlet'
2021-11-27 10:07:44.780  INFO 20244 --- [http-nio-8081-exec-1] o.s.web.servlet.DispatcherServlet        : Initializing Servlet 'dispatcherServlet'
2021-11-27 10:07:44.780  INFO 20244 --- [http-nio-8081-exec-1] o.s.web.servlet.DispatcherServlet        : Completed initialization in 0 ms
